[2026-06-29 20:14:22,036] WARNING django.request: Not Found: /tasks/1/
[2026-06-29 20:14:22,038] WARNING django.request: Not Found: /tasks/1/delete/
[2026-06-29 21:46:02,783] INFO django.utils.autoreload: Watching for file changes with StatReloader
[2026-06-29 22:00:51,985] INFO django.utils.autoreload: Watching for file changes with StatReloader
[2026-06-29 22:00:56,848] INFO django.server: "GET / HTTP/1.1" 302 0
[2026-06-29 22:00:57,052] INFO django.server: "GET /accounts/login/?next=/ HTTP/1.1" 200 4175
[2026-06-29 22:00:57,416] INFO django.server: "GET /static/css/base.css HTTP/1.1" 200 20567
[2026-06-29 22:00:57,498] INFO django.server: "GET /static/js/theme.js HTTP/1.1" 200 1581
[2026-06-29 22:00:57,736] INFO django.server: "GET /static/css/tokens.css HTTP/1.1" 200 2579
[2026-06-29 22:01:02,595] INFO django.server: "GET /accounts/register/ HTTP/1.1" 200 5091
[2026-06-29 22:01:17,907] INFO django.server: "POST /accounts/register/ HTTP/1.1" 302 0
[2026-06-29 22:01:18,075] INFO django.server: "GET / HTTP/1.1" 200 12582
[2026-06-29 22:01:18,166] INFO django.server: "GET /static/js/sidebar.js HTTP/1.1" 200 2392
[2026-06-29 22:01:18,167] INFO django.server: "GET /static/js/dashboard.js HTTP/1.1" 200 7834
[2026-06-29 22:01:18,168] INFO django.server: "GET /static/js/toast.js HTTP/1.1" 200 2254
[2026-06-29 22:01:23,039] INFO django.server: "GET /tasks/ HTTP/1.1" 200 10559
[2026-06-29 22:01:23,127] INFO django.server: "GET /static/js/tasks.js HTTP/1.1" 200 8059
[2026-06-29 22:01:25,598] INFO django.server: "GET /tasks/create/ HTTP/1.1" 200 9561
[2026-06-29 22:01:26,830] INFO django.server: "GET /tasks/categories/ HTTP/1.1" 200 7177
[2026-06-29 22:01:39,163] INFO django.server: "GET /tasks/categories/ HTTP/1.1" 200 7177
[2026-06-29 22:01:40,292] INFO django.server: "GET /tasks/categories/create/ HTTP/1.1" 200 7833
[2026-06-29 22:01:50,178] INFO django.server: "POST /tasks/categories/create/ HTTP/1.1" 302 0
[2026-06-29 22:01:50,224] INFO django.server: "GET /tasks/categories/ HTTP/1.1" 200 8193
[2026-06-29 22:01:52,902] INFO django.server: "GET /tasks/create/ HTTP/1.1" 200 9234
[2026-06-29 22:02:15,387] INFO django.server: "POST /tasks/create/ HTTP/1.1" 302 0
[2026-06-29 22:02:15,445] INFO django.server: "GET /tasks/ HTTP/1.1" 200 14509
[2026-06-29 22:02:23,418] INFO django.server: "GET /accounts/profile/ HTTP/1.1" 200 11160
[2026-06-29 22:02:40,106] INFO django.server: "POST /accounts/profile/ HTTP/1.1" 302 0
[2026-06-29 22:02:40,155] INFO django.server: "GET /accounts/profile/ HTTP/1.1" 200 12285
[2026-06-29 22:02:40,302] INFO django.server: "GET /media/avatars/1/avatar.png HTTP/1.1" 200 1675072
[2026-06-29 22:02:56,090] INFO django.server: "GET /media/avatars/1/avatar.png HTTP/1.1" 304 0
[2026-06-29 22:03:08,707] WARNING django.request: Not Found: /login
[2026-06-29 22:03:08,708] WARNING django.server: "GET /login HTTP/1.1" 404 2893
[2026-06-29 22:03:11,359] INFO django.server: "GET / HTTP/1.1" 200 12453
[2026-06-29 22:03:11,447] INFO django.server: "GET /media/avatars/1/avatar.png HTTP/1.1" 304 0
[2026-06-29 22:03:23,194] INFO django.server: "GET /tasks/1/ HTTP/1.1" 200 8537
[2026-06-29 22:03:23,296] INFO django.server: "GET /media/avatars/1/avatar.png HTTP/1.1" 304 0
[2026-06-29 22:03:33,768] INFO django.server: "GET /accounts/profile/ HTTP/1.1" 200 11799
[2026-06-29 22:03:33,825] INFO django.server: "GET /media/avatars/1/avatar.png HTTP/1.1" 304 0
[2026-06-29 22:03:38,759] INFO django.server: "GET /media/avatars/1/avatar.png HTTP/1.1" 304 0
[2026-06-29 22:03:51,536] INFO django.server: "GET /tasks/create/ HTTP/1.1" 200 9283
[2026-06-29 22:03:51,616] INFO django.server: "GET /media/avatars/1/avatar.png HTTP/1.1" 304 0
[2026-06-29 22:03:52,831] INFO django.server: "GET /accounts/profile/ HTTP/1.1" 200 11798
